This is pdfTeX, Version 3.141592653-2.6-1.40.28 (MiKTeX 25.12) (preloaded format=pdflatex 2026.3.26)  26 MAR 2026 15:19
entering extended mode
 restricted \write18 enabled.
 %&-line parsing enabled.
**./main.tex
(main.tex
LaTeX2e <2025-11-01>
L3 programming layer <2025-12-24>
(C:\Users\ashha\AppData\Local\Programs\MiKTeX\tex/latex/base\article.cls
Document Class: article 2025/01/22 v1.4n Standard LaTeX document class
(C:\Users\ashha\AppData\Local\Programs\MiKTeX\tex/latex/base\size10.clo
File: size10.clo 2025/01/22 v1.4n Standard LaTeX file (size option)
)
\c@part=\count275
\c@section=\count276
\c@subsection=\count277
\c@subsubsection=\count278
\c@paragraph=\count279
\c@subparagraph=\count280
\c@figure=\count281
\c@table=\count282
\abovecaptionskip=\skip49
\belowcaptionskip=\skip50
\bibindent=\dimen148
)
(C:\Users\ashha\AppData\Local\Programs\MiKTeX\tex/latex/graphics\graphicx.sty
Package: graphicx 2024/12/31 v1.2e Enhanced LaTeX Graphics (DPC,SPQR)

(C:\Users\ashha\AppData\Local\Programs\MiKTeX\tex/latex/graphics\keyval.sty
Package: keyval 2022/05/29 v1.15 key=value parser (DPC)
\KV@toks@=\toks17
)
(C:\Users\ashha\AppData\Local\Programs\MiKTeX\tex/latex/graphics\graphics.sty
Package: graphics 2024/08/06 v1.4g Standard LaTeX Graphics (DPC,SPQR)

(C:\Users\ashha\AppData\Local\Programs\MiKTeX\tex/latex/graphics\trig.sty
Package: trig 2023/12/02 v1.11 sin cos tan (DPC)
)
(C:\Users\ashha\AppData\Local\Programs\MiKTeX\tex/latex/graphics-cfg\graphics.c
fg
File: graphics.cfg 2016/06/04 v1.11 sample graphics configuration
)
Package graphics Info: Driver file: pdftex.def on input line 106.

(C:\Users\ashha\AppData\Local\Programs\MiKTeX\tex/latex/graphics-def\pdftex.def
File: pdftex.def 2025/09/29 v1.2d Graphics/color driver for pdftex
))
\Gin@req@height=\dimen149
\Gin@req@width=\dimen150
) (C:\Users\ashha\AppData\Local\Programs\MiKTeX\tex/latex/psnfss\times.sty
Package: times 2020/03/25 PSNFSS-v9.3 (SPQR) 
)
(C:\Users\ashha\AppData\Local\Programs\MiKTeX\tex/latex/amsmath\amsmath.sty
Package: amsmath 2025/07/09 v2.17z AMS math features
\@mathmargin=\skip51

For additional information on amsmath, use the `?' option.
(C:\Users\ashha\AppData\Local\Programs\MiKTeX\tex/latex/amsmath\amstext.sty
Package: amstext 2024/11/17 v2.01 AMS text

(C:\Users\ashha\AppData\Local\Programs\MiKTeX\tex/latex/amsmath\amsgen.sty
File: amsgen.sty 1999/11/30 v2.0 generic functions
\@emptytoks=\toks18
\ex@=\dimen151
))
(C:\Users\ashha\AppData\Local\Programs\MiKTeX\tex/latex/amsmath\amsbsy.sty
Package: amsbsy 1999/11/29 v1.2d Bold Symbols
\pmbraise@=\dimen152
)
(C:\Users\ashha\AppData\Local\Programs\MiKTeX\tex/latex/amsmath\amsopn.sty
Package: amsopn 2022/04/08 v2.04 operator names
)
\inf@bad=\count283
LaTeX Info: Redefining \frac on input line 233.
\uproot@=\count284
\leftroot@=\count285
LaTeX Info: Redefining \overline on input line 398.
LaTeX Info: Redefining \colon on input line 409.
\classnum@=\count286
\DOTSCASE@=\count287
LaTeX Info: Redefining \ldots on input line 495.
LaTeX Info: Redefining \dots on input line 498.
LaTeX Info: Redefining \cdots on input line 619.
\Mathstrutbox@=\box53
\strutbox@=\box54
LaTeX Info: Redefining \big on input line 721.
LaTeX Info: Redefining \Big on input line 722.
LaTeX Info: Redefining \bigg on input line 723.
LaTeX Info: Redefining \Bigg on input line 724.
\big@size=\dimen153
LaTeX Font Info:    Redeclaring font encoding OML on input line 742.
LaTeX Font Info:    Redeclaring font encoding OMS on input line 743.
\macc@depth=\count288
LaTeX Info: Redefining \bmod on input line 904.
LaTeX Info: Redefining \pmod on input line 909.
LaTeX Info: Redefining \smash on input line 939.
LaTeX Info: Redefining \relbar on input line 969.
LaTeX Info: Redefining \Relbar on input line 970.
\c@MaxMatrixCols=\count289
\dotsspace@=\muskip17
\c@parentequation=\count290
\dspbrk@lvl=\count291
\tag@help=\toks19
\row@=\count292
\column@=\count293
\maxfields@=\count294
\andhelp@=\toks20
\eqnshift@=\dimen154
\alignsep@=\dimen155
\tagshift@=\dimen156
\tagwidth@=\dimen157
\totwidth@=\dimen158
\lineht@=\dimen159
\@envbody=\toks21
\multlinegap=\skip52
\multlinetaggap=\skip53
\mathdisplay@stack=\toks22
LaTeX Info: Redefining \[ on input line 2950.
LaTeX Info: Redefining \] on input line 2951.
)
(C:\Users\ashha\AppData\Local\Programs\MiKTeX\tex/latex/amsfonts\amssymb.sty
Package: amssymb 2013/01/14 v3.01 AMS font symbols

(C:\Users\ashha\AppData\Local\Programs\MiKTeX\tex/latex/amsfonts\amsfonts.sty
Package: amsfonts 2013/01/14 v3.01 Basic AMSFonts support
\symAMSa=\mathgroup4
\symAMSb=\mathgroup5
LaTeX Font Info:    Redeclaring math symbol \hbar on input line 98.
LaTeX Font Info:    Overwriting math alphabet `\mathfrak' in version `bold'
(Font)                  U/euf/m/n --> U/euf/b/n on input line 106.
)) (C:\Users\ashha\AppData\Local\Programs\MiKTeX\tex/latex/tools\bm.sty
Package: bm 2025/10/21 v1.2g Bold Symbol Support (DPC/FMi)
\symboldoperators=\mathgroup6
\symboldletters=\mathgroup7
\symboldsymbols=\mathgroup8
Package bm Info: No bold for \OMX/cmex/m/n, using \pmb.
Package bm Info: No bold for \U/msa/m/n, using \pmb.
Package bm Info: No bold for \U/msb/m/n, using \pmb.
LaTeX Font Info:    Redeclaring math alphabet \mathbf on input line 149.
)
(C:\Users\ashha\AppData\Local\Programs\MiKTeX\tex/latex/booktabs\booktabs.sty
Package: booktabs 2020/01/12 v1.61803398 Publication quality tables
\heavyrulewidth=\dimen160
\lightrulewidth=\dimen161
\cmidrulewidth=\dimen162
\belowrulesep=\dimen163
\belowbottomsep=\dimen164
\aboverulesep=\dimen165
\abovetopsep=\dimen166
\cmidrulesep=\dimen167
\cmidrulekern=\dimen168
\defaultaddspace=\dimen169
\@cmidla=\count295
\@cmidlb=\count296
\@aboverulesep=\dimen170
\@belowrulesep=\dimen171
\@thisruleclass=\count297
\@lastruleclass=\count298
\@thisrulewidth=\dimen172
)
(C:\Users\ashha\AppData\Local\Programs\MiKTeX\tex/latex/multirow\multirow.sty
Package: multirow 2024/11/12 v2.9 Span multiple rows of a table
\multirow@colwidth=\skip54
\multirow@cntb=\count299
\multirow@dima=\skip55
\bigstrutjot=\dimen173
)
(C:\Users\ashha\AppData\Local\Programs\MiKTeX\tex/latex/tools\array.sty
Package: array 2025/09/25 v2.6n Tabular extension package (FMi)
\col@sep=\dimen174
\ar@mcellbox=\box55
\extrarowheight=\dimen175
\NC@list=\toks23
\extratabsurround=\skip56
\backup@length=\skip57
\ar@cellbox=\box56
)
(C:\Users\ashha\AppData\Local\Programs\MiKTeX\tex/latex/url\url.sty
\Urlmuskip=\muskip18
Package: url 2013/09/16  ver 3.4  Verb mode for urls, etc.
)
(C:\Users\ashha\AppData\Local\Programs\MiKTeX\tex/latex/xcolor\xcolor.sty
Package: xcolor 2024/09/29 v3.02 LaTeX color extensions (UK)

(C:\Users\ashha\AppData\Local\Programs\MiKTeX\tex/latex/graphics-cfg\color.cfg
File: color.cfg 2016/01/02 v1.6 sample color configuration
)
Package xcolor Info: Driver file: pdftex.def on input line 274.
(C:\Users\ashha\AppData\Local\Programs\MiKTeX\tex/latex/graphics\mathcolor.ltx)
Package xcolor Info: Model `cmy' substituted by `cmy0' on input line 1349.
Package xcolor Info: Model `hsb' substituted by `rgb' on input line 1353.
Package xcolor Info: Model `RGB' extended on input line 1365.
Package xcolor Info: Model `HTML' substituted by `rgb' on input line 1367.
Package xcolor Info: Model `Hsb' substituted by `hsb' on input line 1368.
Package xcolor Info: Model `tHsb' substituted by `hsb' on input line 1369.
Package xcolor Info: Model `HSB' substituted by `hsb' on input line 1370.
Package xcolor Info: Model `Gray' substituted by `gray' on input line 1371.
Package xcolor Info: Model `wave' substituted by `hsb' on input line 1372.
)
(C:\Users\ashha\AppData\Local\Programs\MiKTeX\tex/latex/caption\subcaption.sty
Package: subcaption 2023/07/28 v1.6b Sub-captions (AR)

(C:\Users\ashha\AppData\Local\Programs\MiKTeX\tex/latex/caption\caption.sty
Package: caption 2023/08/05 v3.6o Customizing captions (AR)

(C:\Users\ashha\AppData\Local\Programs\MiKTeX\tex/latex/caption\caption3.sty
Package: caption3 2023/07/31 v2.4d caption3 kernel (AR)
\caption@tempdima=\dimen176
\captionmargin=\dimen177
\caption@leftmargin=\dimen178
\caption@rightmargin=\dimen179
\caption@width=\dimen180
\caption@indent=\dimen181
\caption@parindent=\dimen182
\caption@hangindent=\dimen183
Package caption Info: Standard document class detected.
)
\c@caption@flags=\count300
\c@continuedfloat=\count301
)
Package caption Info: New subtype `subfigure' on input line 238.
\c@subfigure=\count302
Package caption Info: New subtype `subtable' on input line 238.
\c@subtable=\count303
)
(C:\Users\ashha\AppData\Local\Programs\MiKTeX\tex/latex/pgf/frontendlayer\tikz.
sty
(C:\Users\ashha\AppData\Local\Programs\MiKTeX\tex/latex/pgf/basiclayer\pgf.sty
(C:\Users\ashha\AppData\Local\Programs\MiKTeX\tex/latex/pgf/utilities\pgfrcs.st
y
(C:\Users\ashha\AppData\Local\Programs\MiKTeX\tex/generic/pgf/utilities\pgfutil
-common.tex
\pgfutil@everybye=\toks24
\pgfutil@tempdima=\dimen184
\pgfutil@tempdimb=\dimen185
)
(C:\Users\ashha\AppData\Local\Programs\MiKTeX\tex/generic/pgf/utilities\pgfutil
-latex.def
\pgfutil@abb=\box57
)
(C:\Users\ashha\AppData\Local\Programs\MiKTeX\tex/generic/pgf/utilities\pgfrcs.
code.tex
(C:\Users\ashha\AppData\Local\Programs\MiKTeX\tex/generic/pgf\pgf.revision.tex)
Package: pgfrcs 2025-08-29 v3.1.11a (3.1.11a)
))
Package: pgf 2025-08-29 v3.1.11a (3.1.11a)

(C:\Users\ashha\AppData\Local\Programs\MiKTeX\tex/latex/pgf/basiclayer\pgfcore.
sty
(C:\Users\ashha\AppData\Local\Programs\MiKTeX\tex/latex/pgf/systemlayer\pgfsys.
sty
(C:\Users\ashha\AppData\Local\Programs\MiKTeX\tex/generic/pgf/systemlayer\pgfsy
s.code.tex
Package: pgfsys 2025-08-29 v3.1.11a (3.1.11a)

(C:\Users\ashha\AppData\Local\Programs\MiKTeX\tex/generic/pgf/utilities\pgfkeys
.code.tex
\pgfkeys@pathtoks=\toks25
\pgfkeys@temptoks=\toks26

(C:\Users\ashha\AppData\Local\Programs\MiKTeX\tex/generic/pgf/utilities\pgfkeys
libraryfiltered.code.tex
\pgfkeys@tmptoks=\toks27
))
\pgf@x=\dimen186
\pgf@y=\dimen187
\pgf@xa=\dimen188
\pgf@ya=\dimen189
\pgf@xb=\dimen190
\pgf@yb=\dimen191
\pgf@xc=\dimen192
\pgf@yc=\dimen193
\pgf@xd=\dimen194
\pgf@yd=\dimen195
\w@pgf@writea=\write3
\r@pgf@reada=\read2
\c@pgf@counta=\count304
\c@pgf@countb=\count305
\c@pgf@countc=\count306
\c@pgf@countd=\count307
\t@pgf@toka=\toks28
\t@pgf@tokb=\toks29
\t@pgf@tokc=\toks30
\pgf@sys@id@count=\count308

(C:\Users\ashha\AppData\Local\Programs\MiKTeX\tex/generic/pgf/systemlayer\pgf.c
fg
File: pgf.cfg 2025-08-29 v3.1.11a (3.1.11a)
)
Driver file for pgf: pgfsys-pdftex.def

(C:\Users\ashha\AppData\Local\Programs\MiKTeX\tex/generic/pgf/systemlayer\pgfsy
s-pdftex.def
File: pgfsys-pdftex.def 2025-08-29 v3.1.11a (3.1.11a)

(C:\Users\ashha\AppData\Local\Programs\MiKTeX\tex/generic/pgf/systemlayer\pgfsy
s-common-pdf.def
File: pgfsys-common-pdf.def 2025-08-29 v3.1.11a (3.1.11a)
)))
(C:\Users\ashha\AppData\Local\Programs\MiKTeX\tex/generic/pgf/systemlayer\pgfsy
ssoftpath.code.tex
File: pgfsyssoftpath.code.tex 2025-08-29 v3.1.11a (3.1.11a)
\pgfsyssoftpath@smallbuffer@items=\count309
\pgfsyssoftpath@bigbuffer@items=\count310
)
(C:\Users\ashha\AppData\Local\Programs\MiKTeX\tex/generic/pgf/systemlayer\pgfsy
sprotocol.code.tex
File: pgfsysprotocol.code.tex 2025-08-29 v3.1.11a (3.1.11a)
))
(C:\Users\ashha\AppData\Local\Programs\MiKTeX\tex/generic/pgf/basiclayer\pgfcor
e.code.tex
Package: pgfcore 2025-08-29 v3.1.11a (3.1.11a)

(C:\Users\ashha\AppData\Local\Programs\MiKTeX\tex/generic/pgf/math\pgfmath.code
.tex
(C:\Users\ashha\AppData\Local\Programs\MiKTeX\tex/generic/pgf/math\pgfmathutil.
code.tex)
(C:\Users\ashha\AppData\Local\Programs\MiKTeX\tex/generic/pgf/math\pgfmathparse
r.code.tex
\pgfmath@dimen=\dimen196
\pgfmath@count=\count311
\pgfmath@box=\box58
\pgfmath@toks=\toks31
\pgfmath@stack@operand=\toks32
\pgfmath@stack@operation=\toks33
)
(C:\Users\ashha\AppData\Local\Programs\MiKTeX\tex/generic/pgf/math\pgfmathfunct
ions.code.tex)
(C:\Users\ashha\AppData\Local\Programs\MiKTeX\tex/generic/pgf/math\pgfmathfunct
ions.basic.code.tex)
(C:\Users\ashha\AppData\Local\Programs\MiKTeX\tex/generic/pgf/math\pgfmathfunct
ions.trigonometric.code.tex)
(C:\Users\ashha\AppData\Local\Programs\MiKTeX\tex/generic/pgf/math\pgfmathfunct
ions.random.code.tex)
(C:\Users\ashha\AppData\Local\Programs\MiKTeX\tex/generic/pgf/math\pgfmathfunct
ions.comparison.code.tex)
(C:\Users\ashha\AppData\Local\Programs\MiKTeX\tex/generic/pgf/math\pgfmathfunct
ions.base.code.tex)
(C:\Users\ashha\AppData\Local\Programs\MiKTeX\tex/generic/pgf/math\pgfmathfunct
ions.round.code.tex)
(C:\Users\ashha\AppData\Local\Programs\MiKTeX\tex/generic/pgf/math\pgfmathfunct
ions.misc.code.tex)
(C:\Users\ashha\AppData\Local\Programs\MiKTeX\tex/generic/pgf/math\pgfmathfunct
ions.integerarithmetics.code.tex)
(C:\Users\ashha\AppData\Local\Programs\MiKTeX\tex/generic/pgf/math\pgfmathcalc.
code.tex)
(C:\Users\ashha\AppData\Local\Programs\MiKTeX\tex/generic/pgf/math\pgfmathfloat
.code.tex
\c@pgfmathroundto@lastzeros=\count312
))
(C:\Users\ashha\AppData\Local\Programs\MiKTeX\tex/generic/pgf/math\pgfint.code.
tex)
(C:\Users\ashha\AppData\Local\Programs\MiKTeX\tex/generic/pgf/basiclayer\pgfcor
epoints.code.tex
File: pgfcorepoints.code.tex 2025-08-29 v3.1.11a (3.1.11a)
\pgf@picminx=\dimen197
\pgf@picmaxx=\dimen198
\pgf@picminy=\dimen199
\pgf@picmaxy=\dimen256
\pgf@pathminx=\dimen257
\pgf@pathmaxx=\dimen258
\pgf@pathminy=\dimen259
\pgf@pathmaxy=\dimen260
\pgf@xx=\dimen261
\pgf@xy=\dimen262
\pgf@yx=\dimen263
\pgf@yy=\dimen264
\pgf@zx=\dimen265
\pgf@zy=\dimen266
)
(C:\Users\ashha\AppData\Local\Programs\MiKTeX\tex/generic/pgf/basiclayer\pgfcor
epathconstruct.code.tex
File: pgfcorepathconstruct.code.tex 2025-08-29 v3.1.11a (3.1.11a)
\pgf@path@lastx=\dimen267
\pgf@path@lasty=\dimen268
)
(C:\Users\ashha\AppData\Local\Programs\MiKTeX\tex/generic/pgf/basiclayer\pgfcor
epathusage.code.tex
File: pgfcorepathusage.code.tex 2025-08-29 v3.1.11a (3.1.11a)
\pgf@shorten@end@additional=\dimen269
\pgf@shorten@start@additional=\dimen270
)
(C:\Users\ashha\AppData\Local\Programs\MiKTeX\tex/generic/pgf/basiclayer\pgfcor
escopes.code.tex
File: pgfcorescopes.code.tex 2025-08-29 v3.1.11a (3.1.11a)
\pgfpic=\box59
\pgf@hbox=\box60
\pgf@layerbox@main=\box61
\pgf@picture@serial@count=\count313
)
(C:\Users\ashha\AppData\Local\Programs\MiKTeX\tex/generic/pgf/basiclayer\pgfcor
egraphicstate.code.tex
File: pgfcoregraphicstate.code.tex 2025-08-29 v3.1.11a (3.1.11a)
\pgflinewidth=\dimen271
)
(C:\Users\ashha\AppData\Local\Programs\MiKTeX\tex/generic/pgf/basiclayer\pgfcor
etransformations.code.tex
File: pgfcoretransformations.code.tex 2025-08-29 v3.1.11a (3.1.11a)
\pgf@pt@x=\dimen272
\pgf@pt@y=\dimen273
\pgf@pt@temp=\dimen274
)
(C:\Users\ashha\AppData\Local\Programs\MiKTeX\tex/generic/pgf/basiclayer\pgfcor
equick.code.tex
File: pgfcorequick.code.tex 2025-08-29 v3.1.11a (3.1.11a)
)
(C:\Users\ashha\AppData\Local\Programs\MiKTeX\tex/generic/pgf/basiclayer\pgfcor
eobjects.code.tex
File: pgfcoreobjects.code.tex 2025-08-29 v3.1.11a (3.1.11a)
)
(C:\Users\ashha\AppData\Local\Programs\MiKTeX\tex/generic/pgf/basiclayer\pgfcor
epathprocessing.code.tex
File: pgfcorepathprocessing.code.tex 2025-08-29 v3.1.11a (3.1.11a)
)
(C:\Users\ashha\AppData\Local\Programs\MiKTeX\tex/generic/pgf/basiclayer\pgfcor
earrows.code.tex
File: pgfcorearrows.code.tex 2025-08-29 v3.1.11a (3.1.11a)
\pgfarrowsep=\dimen275
)
(C:\Users\ashha\AppData\Local\Programs\MiKTeX\tex/generic/pgf/basiclayer\pgfcor
eshade.code.tex
File: pgfcoreshade.code.tex 2025-08-29 v3.1.11a (3.1.11a)
\pgf@max=\dimen276
\pgf@sys@shading@range@num=\count314
\pgf@shadingcount=\count315
)
(C:\Users\ashha\AppData\Local\Programs\MiKTeX\tex/generic/pgf/basiclayer\pgfcor
eimage.code.tex
File: pgfcoreimage.code.tex 2025-08-29 v3.1.11a (3.1.11a)
)
(C:\Users\ashha\AppData\Local\Programs\MiKTeX\tex/generic/pgf/basiclayer\pgfcor
eexternal.code.tex
File: pgfcoreexternal.code.tex 2025-08-29 v3.1.11a (3.1.11a)
\pgfexternal@startupbox=\box62
)
(C:\Users\ashha\AppData\Local\Programs\MiKTeX\tex/generic/pgf/basiclayer\pgfcor
elayers.code.tex
File: pgfcorelayers.code.tex 2025-08-29 v3.1.11a (3.1.11a)
)
(C:\Users\ashha\AppData\Local\Programs\MiKTeX\tex/generic/pgf/basiclayer\pgfcor
etransparency.code.tex
File: pgfcoretransparency.code.tex 2025-08-29 v3.1.11a (3.1.11a)
)
(C:\Users\ashha\AppData\Local\Programs\MiKTeX\tex/generic/pgf/basiclayer\pgfcor
epatterns.code.tex
File: pgfcorepatterns.code.tex 2025-08-29 v3.1.11a (3.1.11a)
)
(C:\Users\ashha\AppData\Local\Programs\MiKTeX\tex/generic/pgf/basiclayer\pgfcor
erdf.code.tex
File: pgfcorerdf.code.tex 2025-08-29 v3.1.11a (3.1.11a)
)))
(C:\Users\ashha\AppData\Local\Programs\MiKTeX\tex/generic/pgf/modules\pgfmodule
shapes.code.tex
File: pgfmoduleshapes.code.tex 2025-08-29 v3.1.11a (3.1.11a)
\pgfnodeparttextbox=\box63
)
(C:\Users\ashha\AppData\Local\Programs\MiKTeX\tex/generic/pgf/modules\pgfmodule
plot.code.tex
File: pgfmoduleplot.code.tex 2025-08-29 v3.1.11a (3.1.11a)
)
(C:\Users\ashha\AppData\Local\Programs\MiKTeX\tex/latex/pgf/compatibility\pgfco
mp-version-0-65.sty
Package: pgfcomp-version-0-65 2025-08-29 v3.1.11a (3.1.11a)
\pgf@nodesepstart=\dimen277
\pgf@nodesepend=\dimen278
)
(C:\Users\ashha\AppData\Local\Programs\MiKTeX\tex/latex/pgf/compatibility\pgfco
mp-version-1-18.sty
Package: pgfcomp-version-1-18 2025-08-29 v3.1.11a (3.1.11a)
))
(C:\Users\ashha\AppData\Local\Programs\MiKTeX\tex/latex/pgf/utilities\pgffor.st
y
(C:\Users\ashha\AppData\Local\Programs\MiKTeX\tex/latex/pgf/utilities\pgfkeys.s
ty
(C:\Users\ashha\AppData\Local\Programs\MiKTeX\tex/generic/pgf/utilities\pgfkeys
.code.tex))
(C:\Users\ashha\AppData\Local\Programs\MiKTeX\tex/latex/pgf/math\pgfmath.sty
(C:\Users\ashha\AppData\Local\Programs\MiKTeX\tex/generic/pgf/math\pgfmath.code
.tex))
(C:\Users\ashha\AppData\Local\Programs\MiKTeX\tex/generic/pgf/utilities\pgffor.
code.tex
Package: pgffor 2025-08-29 v3.1.11a (3.1.11a)
\pgffor@iter=\dimen279
\pgffor@skip=\dimen280
\pgffor@stack=\toks34
\pgffor@toks=\toks35
))
(C:\Users\ashha\AppData\Local\Programs\MiKTeX\tex/generic/pgf/frontendlayer/tik
z\tikz.code.tex
Package: tikz 2025-08-29 v3.1.11a (3.1.11a)

(C:\Users\ashha\AppData\Local\Programs\MiKTeX\tex/generic/pgf/libraries\pgflibr
aryplothandlers.code.tex
File: pgflibraryplothandlers.code.tex 2025-08-29 v3.1.11a (3.1.11a)
\pgf@plot@mark@count=\count316
\pgfplotmarksize=\dimen281
)
\tikz@lastx=\dimen282
\tikz@lasty=\dimen283
\tikz@lastxsaved=\dimen284
\tikz@lastysaved=\dimen285
\tikz@lastmovetox=\dimen286
\tikz@lastmovetoy=\dimen287
\tikzleveldistance=\dimen288
\tikzsiblingdistance=\dimen289
\tikz@figbox=\box64
\tikz@figbox@bg=\box65
\tikz@tempbox=\box66
\tikz@tempbox@bg=\box67
\tikztreelevel=\count317
\tikznumberofchildren=\count318
\tikznumberofcurrentchild=\count319
\tikz@fig@count=\count320

(C:\Users\ashha\AppData\Local\Programs\MiKTeX\tex/generic/pgf/modules\pgfmodule
matrix.code.tex
File: pgfmodulematrix.code.tex 2025-08-29 v3.1.11a (3.1.11a)
\pgfmatrixcurrentrow=\count321
\pgfmatrixcurrentcolumn=\count322
\pgf@matrix@numberofcolumns=\count323
)
\tikz@expandcount=\count324

(C:\Users\ashha\AppData\Local\Programs\MiKTeX\tex/generic/pgf/frontendlayer/tik
z/libraries\tikzlibrarytopaths.code.tex
File: tikzlibrarytopaths.code.tex 2025-08-29 v3.1.11a (3.1.11a)
)))
(C:\Users\ashha\AppData\Local\Programs\MiKTeX\tex/generic/pgf/libraries\pgflibr
aryarrows.meta.code.tex
File: pgflibraryarrows.meta.code.tex 2025-08-29 v3.1.11a (3.1.11a)
\pgfarrowinset=\dimen290
\pgfarrowlength=\dimen291
\pgfarrowwidth=\dimen292
\pgfarrowlinewidth=\dimen293
)
(C:\Users\ashha\AppData\Local\Programs\MiKTeX\tex/generic/pgf/frontendlayer/tik
z/libraries\tikzlibrarypositioning.code.tex
File: tikzlibrarypositioning.code.tex 2025-08-29 v3.1.11a (3.1.11a)
)
(C:\Users\ashha\AppData\Local\Programs\MiKTeX\tex/generic/pgf/frontendlayer/tik
z/libraries\tikzlibraryshapes.geometric.code.tex
File: tikzlibraryshapes.geometric.code.tex 2025-08-29 v3.1.11a (3.1.11a)

(C:\Users\ashha\AppData\Local\Programs\MiKTeX\tex/generic/pgf/libraries/shapes\
pgflibraryshapes.geometric.code.tex
File: pgflibraryshapes.geometric.code.tex 2025-08-29 v3.1.11a (3.1.11a)
))
(C:\Users\ashha\AppData\Local\Programs\MiKTeX\tex/generic/pgf/frontendlayer/tik
z/libraries\tikzlibrarycalc.code.tex
File: tikzlibrarycalc.code.tex 2025-08-29 v3.1.11a (3.1.11a)
)
(C:\Users\ashha\AppData\Local\Programs\MiKTeX\tex/latex/hyperref\hyperref.sty
Package: hyperref 2025-07-12 v7.01o Hypertext links for LaTeX

(C:\Users\ashha\AppData\Local\Programs\MiKTeX\tex/generic/iftex\iftex.sty
Package: iftex 2024/12/12 v1.0g TeX engine tests
)
(C:\Users\ashha\AppData\Local\Programs\MiKTeX\tex/latex/kvsetkeys\kvsetkeys.sty
Package: kvsetkeys 2022-10-05 v1.19 Key value parser (HO)
)
(C:\Users\ashha\AppData\Local\Programs\MiKTeX\tex/generic/kvdefinekeys\kvdefine
keys.sty
Package: kvdefinekeys 2019-12-19 v1.6 Define keys (HO)
)
(C:\Users\ashha\AppData\Local\Programs\MiKTeX\tex/generic/pdfescape\pdfescape.s
ty
Package: pdfescape 2019/12/09 v1.15 Implements pdfTeX's escape features (HO)

(C:\Users\ashha\AppData\Local\Programs\MiKTeX\tex/generic/ltxcmds\ltxcmds.sty
Package: ltxcmds 2023-12-04 v1.26 LaTeX kernel commands for general use (HO)
)
(C:\Users\ashha\AppData\Local\Programs\MiKTeX\tex/generic/pdftexcmds\pdftexcmds
.sty
Package: pdftexcmds 2020-06-27 v0.33 Utility functions of pdfTeX for LuaTeX (HO
)

(C:\Users\ashha\AppData\Local\Programs\MiKTeX\tex/generic/infwarerr\infwarerr.s
ty
Package: infwarerr 2019/12/03 v1.5 Providing info/warning/error messages (HO)
)
Package pdftexcmds Info: \pdf@primitive is available.
Package pdftexcmds Info: \pdf@ifprimitive is available.
Package pdftexcmds Info: \pdfdraftmode found.
))
(C:\Users\ashha\AppData\Local\Programs\MiKTeX\tex/latex/hycolor\hycolor.sty
Package: hycolor 2020-01-27 v1.10 Color options for hyperref/bookmark (HO)
)
(C:\Users\ashha\AppData\Local\Programs\MiKTeX\tex/latex/hyperref\nameref.sty
Package: nameref 2025-06-21 v2.57 Cross-referencing by name of section

(C:\Users\ashha\AppData\Local\Programs\MiKTeX\tex/latex/refcount\refcount.sty
Package: refcount 2019/12/15 v3.6 Data extraction from label references (HO)
)
(C:\Users\ashha\AppData\Local\Programs\MiKTeX\tex/generic/gettitlestring\gettit
lestring.sty
Package: gettitlestring 2019/12/15 v1.6 Cleanup title references (HO)

(C:\Users\ashha\AppData\Local\Programs\MiKTeX\tex/latex/kvoptions\kvoptions.sty
Package: kvoptions 2022-06-15 v3.15 Key value format for package options (HO)
))
\c@section@level=\count325
)
(C:\Users\ashha\AppData\Local\Programs\MiKTeX\tex/latex/etoolbox\etoolbox.sty
Package: etoolbox 2025/10/02 v2.5m e-TeX tools for LaTeX (JAW)
\etb@tempcnta=\count326
)
(C:\Users\ashha\AppData\Local\Programs\MiKTeX\tex/generic/stringenc\stringenc.s
ty
Package: stringenc 2019/11/29 v1.12 Convert strings between diff. encodings (HO
)
)
\@linkdim=\dimen294
\Hy@linkcounter=\count327
\Hy@pagecounter=\count328
 (C:\Users\ashha\AppData\Local\Programs\MiKTeX\tex/latex/hyperref\pd1enc.def
File: pd1enc.def 2025-07-12 v7.01o Hyperref: PDFDocEncoding definition (HO)
Now handling font encoding PD1 ...
... no UTF-8 mapping file for font encoding PD1
) (C:\Users\ashha\AppData\Local\Programs\MiKTeX\tex/generic/intcalc\intcalc.sty
Package: intcalc 2019/12/15 v1.3 Expandable calculations with integers (HO)
)
\Hy@SavedSpaceFactor=\count329
 (C:\Users\ashha\AppData\Local\Programs\MiKTeX\tex/latex/hyperref\puenc.def
File: puenc.def 2025-07-12 v7.01o Hyperref: PDF Unicode definition (HO)
Now handling font encoding PU ...
... no UTF-8 mapping file for font encoding PU
)
Package hyperref Info: Option `colorlinks' set `true' on input line 4066.
Package hyperref Info: Hyper figures OFF on input line 4195.
Package hyperref Info: Link nesting OFF on input line 4200.
Package hyperref Info: Hyper index ON on input line 4203.
Package hyperref Info: Plain pages OFF on input line 4210.
Package hyperref Info: Backreferencing OFF on input line 4215.
Package hyperref Info: Implicit mode ON; LaTeX internals redefined.
Package hyperref Info: Bookmarks ON on input line 4462.
\c@Hy@tempcnt=\count330
LaTeX Info: Redefining \url on input line 4801.
\XeTeXLinkMargin=\dimen295

(C:\Users\ashha\AppData\Local\Programs\MiKTeX\tex/generic/bitset\bitset.sty
Package: bitset 2019/12/09 v1.3 Handle bit-vector datatype (HO)

(C:\Users\ashha\AppData\Local\Programs\MiKTeX\tex/generic/bigintcalc\bigintcalc
.sty
Package: bigintcalc 2019/12/15 v1.5 Expandable calculations on big integers (HO
)
))
\Fld@menulength=\count331
\Field@Width=\dimen296
\Fld@charsize=\dimen297
Package hyperref Info: Hyper figures OFF on input line 6078.
Package hyperref Info: Link nesting OFF on input line 6083.
Package hyperref Info: Hyper index ON on input line 6086.
Package hyperref Info: backreferencing OFF on input line 6093.
Package hyperref Info: Link coloring ON on input line 6096.
Package hyperref Info: Link coloring with OCG OFF on input line 6103.
Package hyperref Info: PDF/A mode OFF on input line 6108.
\Hy@abspage=\count332
\c@Item=\count333
\c@Hfootnote=\count334
)
Package hyperref Info: Driver: hpdftex.

(C:\Users\ashha\AppData\Local\Programs\MiKTeX\tex/latex/hyperref\hpdftex.def
File: hpdftex.def 2025-07-12 v7.01o Hyperref driver for pdfTeX
\Fld@listcount=\count335
\c@bookmark@seq@number=\count336

(C:\Users\ashha\AppData\Local\Programs\MiKTeX\tex/latex/rerunfilecheck\rerunfil
echeck.sty
Package: rerunfilecheck 2025-06-21 v1.11 Rerun checks for auxiliary files (HO)

(C:\Users\ashha\AppData\Local\Programs\MiKTeX\tex/generic/uniquecounter\uniquec
ounter.sty
Package: uniquecounter 2019/12/15 v1.4 Provide unlimited unique counter (HO)
)
Package uniquecounter Info: New unique counter `rerunfilecheck' on input line 2
84.
)
\Hy@SectionHShift=\skip58
)
LaTeX Font Info:    Trying to load font information for OT1+ptm on input line 6
4.

(C:\Users\ashha\AppData\Local\Programs\MiKTeX\tex/latex/psnfss\ot1ptm.fd
File: ot1ptm.fd 2001/06/04 font definitions for OT1/ptm.
)
(C:\Users\ashha\AppData\Local\Programs\MiKTeX\tex/latex/l3backend\l3backend-pdf
tex.def
File: l3backend-pdftex.def 2025-10-09 L3 backend support: PDF output (pdfTeX)
\l__color_backend_stack_int=\count337
) (main.aux)
\openout1 = `main.aux'.

LaTeX Font Info:    Checking defaults for OML/cmm/m/it on input line 64.
LaTeX Font Info:    ... okay on input line 64.
LaTeX Font Info:    Checking defaults for OMS/cmsy/m/n on input line 64.
LaTeX Font Info:    ... okay on input line 64.
LaTeX Font Info:    Checking defaults for OT1/cmr/m/n on input line 64.
LaTeX Font Info:    ... okay on input line 64.
LaTeX Font Info:    Checking defaults for T1/cmr/m/n on input line 64.
LaTeX Font Info:    ... okay on input line 64.
LaTeX Font Info:    Checking defaults for TS1/cmr/m/n on input line 64.
LaTeX Font Info:    ... okay on input line 64.
LaTeX Font Info:    Checking defaults for OMX/cmex/m/n on input line 64.
LaTeX Font Info:    ... okay on input line 64.
LaTeX Font Info:    Checking defaults for U/cmr/m/n on input line 64.
LaTeX Font Info:    ... okay on input line 64.
LaTeX Font Info:    Checking defaults for PD1/pdf/m/n on input line 64.
LaTeX Font Info:    ... okay on input line 64.
LaTeX Font Info:    Checking defaults for PU/pdf/m/n on input line 64.
LaTeX Font Info:    ... okay on input line 64.

(C:\Users\ashha\AppData\Local\Programs\MiKTeX\tex/context/base/mkii\supp-pdf.mk
ii
[Loading MPS to PDF converter (version 2006.09.02).]
\scratchcounter=\count338
\scratchdimen=\dimen298
\scratchbox=\box68
\nofMPsegments=\count339
\nofMParguments=\count340
\everyMPshowfont=\toks36
\MPscratchCnt=\count341
\MPscratchDim=\dimen299
\MPnumerator=\count342
\makeMPintoPDFobject=\count343
\everyMPtoPDFconversion=\toks37
)
(C:\Users\ashha\AppData\Local\Programs\MiKTeX\tex/latex/epstopdf-pkg\epstopdf-b
ase.sty
Package: epstopdf-base 2020-01-24 v2.11 Base part for package epstopdf
Package epstopdf-base Info: Redefining graphics rule for `.eps' on input line 4
85.

(C:\Users\ashha\AppData\Local\Programs\MiKTeX\tex/latex/00miktex\epstopdf-sys.c
fg
File: epstopdf-sys.cfg 2021/03/18 v2.0 Configuration of epstopdf for MiKTeX
))
Package caption Info: Begin \AtBeginDocument code.
Package caption Info: hyperref package is loaded.
Package caption Info: End \AtBeginDocument code.
Package hyperref Info: Link coloring ON on input line 64.
 (main.out) (main.out)
\@outlinefile=\write4
\openout4 = `main.out'.

LaTeX Font Info:    Trying to load font information for OT1+pcr on input line 1
37.

(C:\Users\ashha\AppData\Local\Programs\MiKTeX\tex/latex/psnfss\ot1pcr.fd
File: ot1pcr.fd 2001/06/04 font definitions for OT1/pcr.
)
LaTeX Font Info:    Trying to load font information for U+msa on input line 137
.

(C:\Users\ashha\AppData\Local\Programs\MiKTeX\tex/latex/amsfonts\umsa.fd
File: umsa.fd 2013/01/14 v3.01 AMS symbols A
)
LaTeX Font Info:    Trying to load font information for U+msb on input line 137
.

(C:\Users\ashha\AppData\Local\Programs\MiKTeX\tex/latex/amsfonts\umsb.fd
File: umsb.fd 2013/01/14 v3.01 AMS symbols B
)
[1{C:/Users/ashha/AppData/Local/MiKTeX/fonts/map/pdftex/pdftex.map}{C:/Users/as
hha/AppData/Local/Programs/MiKTeX/fonts/enc/dvips/base/8r.enc}



] (main.toc
[2

])
\tf@toc=\write5
\openout5 = `main.toc'.

 [3] [4

]
Underfull \hbox (badness 3861) in paragraph at lines 389--401
\OT1/ptm/m/n/10 Neural network-based wa-ter-mark-ing sub-stan-tially im-
 []


Underfull \hbox (badness 1810) in paragraph at lines 389--401
\OT1/ptm/m/n/10 proved ro-bust-ness over clas-si-cal meth-ods by learn-ing
 []


Underfull \hbox (badness 1152) in paragraph at lines 389--401
\OT1/ptm/m/n/10 layer that sim-u-lates com-mon at-tacks (JPEG, Gaus-sian
 []

[5]
Underfull \hbox (badness 2435) in paragraph at lines 465--475
[]\OT1/ptm/m/n/10 Zhao et al. [[]] demon-strated that some in-vis-i-ble
 []


Underfull \hbox (badness 1057) in paragraph at lines 478--487
\OT1/ptm/m/n/10 with-out a wa-ter-mark by ex-ploit-ing model-specific fre-
 []


Underfull \hbox (badness 4995) in paragraph at lines 533--533
[]\OT1/ptm/m/n/10 Table 1: |Com-par-i-son of wa-ter-mark-ing ap-proaches.
 []


Overfull \hbox (13.32025pt too wide) in paragraph at lines 537--550
 [][] 
 []

[6] [7]
Overfull \hbox (12.80167pt too wide) in paragraph at lines 836--847
 [][] 
 []

[8] [9]
Overfull \hbox (34.2202pt too wide) detected at line 1090
[][][]\OT1/cmr/m/n/10 ^^A[] = \OML/cmm/m/it/10 d[] \OMS/cmsy/m/n/10 ^^@ \OML/cm
m/m/it/10 d[] \OMS/cmsy/m/n/10 ^^Y []k\OML/cmm/m/it/10 k[]\OMS/cmsy/m/n/10 k[] 
^^@ k\OML/cmm/m/it/10 k[]\OMS/cmsy/m/n/10 k[][] \OT1/cmr/m/n/10 = \OMS/cmsy/m/n
/10 k\OML/cmm/m/it/10 k[]\OMS/cmsy/m/n/10 k[] [] \OML/cmm/m/it/10 :
 []

[10]

Package hyperref Warning: Token not allowed in a PDF string (Unicode):
(hyperref)                removing `math shift' on input line 1290.


Package hyperref Warning: Token not allowed in a PDF string (Unicode):
(hyperref)                removing `math shift' on input line 1290.


Package hyperref Warning: Token not allowed in a PDF string (Unicode):
(hyperref)                removing `math shift' on input line 1290.


Package hyperref Warning: Token not allowed in a PDF string (Unicode):
(hyperref)                removing `\to' on input line 1290.


Package hyperref Warning: Token not allowed in a PDF string (Unicode):
(hyperref)                removing `math shift' on input line 1290.

<figures/ddim_explanation.png, id=582, 1003.46895pt x 355.20705pt>
File: figures/ddim_explanation.png Graphic file (type png)
<use figures/ddim_explanation.png>
Package pdftex.def Info: figures/ddim_explanation.png  used on input line 1319.

(pdftex.def)             Requested size: 489.38731pt x 173.23454pt.
[11]
<figures/fourier_masks.png, id=600, 859.65166pt x 297.0297pt>
File: figures/fourier_masks.png Graphic file (type png)
<use figures/fourier_masks.png>
Package pdftex.def Info: figures/fourier_masks.png  used on input line 1371.
(pdftex.def)             Requested size: 236.15775pt x 81.59503pt.


LaTeX Warning: `h' float specifier changed to `ht'.

<figures/multiring_mechanism.png, id=601, 1043.4985pt x 835.923pt>
File: figures/multiring_mechanism.png Graphic file (type png)
<use figures/multiring_mechanism.png>
Package pdftex.def Info: figures/multiring_mechanism.png  used on input line 13
85.
(pdftex.def)             Requested size: 489.38731pt x 392.04202pt.

Underfull \hbox (badness 2922) in paragraph at lines 1418--1422
\OT1/ptm/m/n/10 The ex-pected $\OT1/cmr/m/n/10 2\OMS/cmsy/m/n/10 ^^B$ \OT1/ptm/
m/n/10 SNR im-prove-ment un-der rotation-
 []

LaTeX Font Info:    Font shape `OT1/pcr/m/it' in size <9> not available
(Font)              Font shape `OT1/pcr/m/sl' tried instead on input line 1444.


LaTeX Warning: `h' float specifier changed to `ht'.

[12]
Underfull \hbox (badness 1490) in paragraph at lines 1546--1558
\OT1/ptm/m/n/10 We gen-er-ate im-ages us-ing SD v1.5 with $\OML/cmm/m/it/10 ![]
\OT1/cmr/m/n/10 7\OML/cmm/m/it/10 :\OT1/cmr/m/n/10 5$ \OT1/ptm/m/n/10 and
 []


LaTeX Warning: `h' float specifier changed to `ht'.

[13 <./figures/ddim_explanation.png> <./figures/fourier_masks.png>]
Underfull \hbox (badness 1082) in paragraph at lines 1631--1643
\OT1/ptm/m/n/10 ten-tion was en-abled for all 100-step con-fig-u-ra-tions to
 []


Underfull \hbox (badness 2469) in paragraph at lines 1631--1643
\OT1/ptm/m/n/10 ing per-image pro-cess-ing qual-ity. Wa-ter-mark in-jec-
 []


Underfull \vbox (badness 10000) has occurred while \output is active []

 [14 <./figures/multiring_mechanism.png>]
Underfull \hbox (badness 1454) in paragraph at lines 1712--1718
[]\OT1/ptm/m/n/10 Score gaps are broadly con-sis-tent across cat-e-gories
 []


Underfull \hbox (badness 2351) in paragraph at lines 1754--1763
\OT1/ptm/m/n/10 frequency-domain anal-y-sis be-yond the orig-i-nal pa-per.
 []


Underfull \hbox (badness 10000) in paragraph at lines 1778--1791
[]\OT1/ptm/b/n/10 DFT-centering bug (crit-i-cal). \OT1/ptm/m/n/10 NumPy's
 []


Underfull \hbox (badness 1360) in paragraph at lines 1778--1791
\OT1/pcr/m/n/10 np.fft.fft2 \OT1/ptm/m/n/10 places the DC com-po-nent at ar-
 []


Underfull \hbox (badness 7362) in paragraph at lines 1778--1791
\OT1/ptm/m/n/10 im-ple-men-ta-tion ap-plied the ring mask with-out
 []


Underfull \hbox (badness 1484) in paragraph at lines 1778--1791
\OT1/pcr/m/n/10 fftshift\OT1/ptm/m/n/10 , caus-ing the key to be in-jected into

 []


Underfull \hbox (badness 2744) in paragraph at lines 1778--1791
\OT1/ptm/m/n/10 the wrong fre-quency bins. The bug pro-duced
 []

[15]

LaTeX Warning: `h' float specifier changed to `ht'.


Underfull \hbox (badness 2409) in paragraph at lines 1880--1892
\OT1/ptm/m/n/10 shows a lower score (0.575), re-flect-ing the stronger
 []

<../../experiment/outputs/large_multi_ring_allchan_category/no_attack/img_0025_
no_wm.png, id=657, 513.92pt x 513.92pt>
File: ../../experiment/outputs/large_multi_ring_allchan_category/no_attack/img_
0025_no_wm.png Graphic file (type png)
<use ../../experiment/outputs/large_multi_ring_allchan_category/no_attack/img_0
025_no_wm.png>
Package pdftex.def Info: ../../experiment/outputs/large_multi_ring_allchan_cate
gory/no_attack/img_0025_no_wm.png  used on input line 1896.
(pdftex.def)             Requested size: 113.3547pt x 113.35289pt.
<../../experiment/outputs/large_multi_ring_allchan_category/no_attack/img_0025_
wm.png, id=658, 513.92pt x 513.92pt>
File: ../../experiment/outputs/large_multi_ring_allchan_category/no_attack/img_
0025_wm.png Graphic file (type png)
<use ../../experiment/outputs/large_multi_ring_allchan_category/no_attack/img_0
025_wm.png>
Package pdftex.def Info: ../../experiment/outputs/large_multi_ring_allchan_cate
gory/no_attack/img_0025_wm.png  used on input line 1900.
(pdftex.def)             Requested size: 113.3547pt x 113.35289pt.
<../../experiment/outputs/large_multi_ring_allchan_category/jpeg_50/img_0025_wm
_attacked.png, id=660, 513.92pt x 513.92pt>
File: ../../experiment/outputs/large_multi_ring_allchan_category/jpeg_50/img_00
25_wm_attacked.png Graphic file (type png)
<use ../../experiment/outputs/large_multi_ring_allchan_category/jpeg_50/img_002
5_wm_attacked.png>
Package pdftex.def Info: ../../experiment/outputs/large_multi_ring_allchan_cate
gory/jpeg_50/img_0025_wm_attacked.png  used on input line 1919.
(pdftex.def)             Requested size: 117.45564pt x 117.45413pt.
<../../experiment/outputs/large_multi_ring_allchan_category/jpeg_25/img_0025_wm
_attacked.png, id=661, 513.92pt x 513.92pt>
File: ../../experiment/outputs/large_multi_ring_allchan_category/jpeg_25/img_00
25_wm_attacked.png Graphic file (type png)
<use ../../experiment/outputs/large_multi_ring_allchan_category/jpeg_25/img_002
5_wm_attacked.png>
Package pdftex.def Info: ../../experiment/outputs/large_multi_ring_allchan_cate
gory/jpeg_25/img_0025_wm_attacked.png  used on input line 1923.
(pdftex.def)             Requested size: 117.45564pt x 117.45413pt.
<../../experiment/outputs/large_multi_ring_allchan_category/gaussian_blur_4/img
_0025_wm_attacked.png, id=662, 513.92pt x 513.92pt>
File: ../../experiment/outputs/large_multi_ring_allchan_category/gaussian_blur_
4/img_0025_wm_attacked.png Graphic file (type png)
<use ../../experiment/outputs/large_multi_ring_allchan_category/gaussian_blur_4
/img_0025_wm_attacked.png>
Package pdftex.def Info: ../../experiment/outputs/large_multi_ring_allchan_cate
gory/gaussian_blur_4/img_0025_wm_attacked.png  used on input line 1927.
(pdftex.def)             Requested size: 117.45564pt x 117.45413pt.
<../../experiment/outputs/large_multi_ring_allchan_category/gaussian_blur_8/img
_0025_wm_attacked.png, id=663, 513.92pt x 513.92pt>
File: ../../experiment/outputs/large_multi_ring_allchan_category/gaussian_blur_
8/img_0025_wm_attacked.png Graphic file (type png)
<use ../../experiment/outputs/large_multi_ring_allchan_category/gaussian_blur_8
/img_0025_wm_attacked.png>
Package pdftex.def Info: ../../experiment/outputs/large_multi_ring_allchan_cate
gory/gaussian_blur_8/img_0025_wm_attacked.png  used on input line 1931.
(pdftex.def)             Requested size: 117.45564pt x 117.45413pt.
<../../experiment/outputs/large_multi_ring_allchan_category/brightness_3/img_00
25_wm_attacked.png, id=664, 513.92pt x 513.92pt>
File: ../../experiment/outputs/large_multi_ring_allchan_category/brightness_3/i
mg_0025_wm_attacked.png Graphic file (type png)
<use ../../experiment/outputs/large_multi_ring_allchan_category/brightness_3/im
g_0025_wm_attacked.png>
Package pdftex.def Info: ../../experiment/outputs/large_multi_ring_allchan_cate
gory/brightness_3/img_0025_wm_attacked.png  used on input line 1938.
(pdftex.def)             Requested size: 117.45564pt x 117.45413pt.
<../../experiment/outputs/large_multi_ring_allchan_category/brightness_6/img_00
25_wm_attacked.png, id=665, 513.92pt x 513.92pt>
File: ../../experiment/outputs/large_multi_ring_allchan_category/brightness_6/i
mg_0025_wm_attacked.png Graphic file (type png)
<use ../../experiment/outputs/large_multi_ring_allchan_category/brightness_6/im
g_0025_wm_attacked.png>
Package pdftex.def Info: ../../experiment/outputs/large_multi_ring_allchan_cate
gory/brightness_6/img_0025_wm_attacked.png  used on input line 1942.
(pdftex.def)             Requested size: 117.45564pt x 117.45413pt.
<../../experiment/outputs/large_multi_ring_allchan_category/gaussian_noise_0.1/
img_0025_wm_attacked.png, id=666, 513.92pt x 513.92pt>
File: ../../experiment/outputs/large_multi_ring_allchan_category/gaussian_noise
_0.1/img_0025_wm_attacked.png Graphic file (type png)
<use ../../experiment/outputs/large_multi_ring_allchan_category/gaussian_noise_
0.1/img_0025_wm_attacked.png>
Package pdftex.def Info: ../../experiment/outputs/large_multi_ring_allchan_cate
gory/gaussian_noise_0.1/img_0025_wm_attacked.png  used on input line 1946.
(pdftex.def)             Requested size: 117.45564pt x 117.45413pt.
File: ../../experiment/outputs/large_multi_ring_allchan_category/gaussian_noise
_0.1/img_0025_wm_attacked.png Graphic file (type png)
<use ../../experiment/outputs/large_multi_ring_allchan_category/gaussian_noise_
0.1/img_0025_wm_attacked.png>
Package pdftex.def Info: ../../experiment/outputs/large_multi_ring_allchan_cate
gory/gaussian_noise_0.1/img_0025_wm_attacked.png  used on input line 1950.
(pdftex.def)             Requested size: 117.45564pt x 117.45413pt.

LaTeX Warning: `h' float specifier changed to `ht'.

[16 <../../experiment/outputs/large_multi_ring_allchan_category/no_attack/img_0
025_no_wm.png (PNG copy)> <../../experiment/outputs/large_multi_ring_allchan_ca
tegory/no_attack/img_0025_wm.png (PNG copy)>]
Underfull \hbox (badness 1748) in paragraph at lines 2067--2074
\OT1/ptm/m/n/10 PASS on 12/13, elim-i-nates all FAIL con-di-tions, and
 []


Underfull \hbox (badness 4378) in paragraph at lines 2067--2074
\OT1/ptm/m/n/10 sur-passes the pa-per on crop[]0.75 (0.996 vs. 0.97).
 []

<../../experiment/results/large_category_plots/auc.png, id=680, 1409.265pt x 43
3.62pt>
File: ../../experiment/results/large_category_plots/auc.png Graphic file (type 
png)
<use ../../experiment/results/large_category_plots/auc.png>
Package pdftex.def Info: ../../experiment/results/large_category_plots/auc.png 
 used on input line 2079.
(pdftex.def)             Requested size: 236.15775pt x 72.6624pt.
<../../experiment/results/large_category_plots/heatmap_auc.png, id=681, 578.16p
t x 563.706pt>
File: ../../experiment/results/large_category_plots/heatmap_auc.png Graphic fil
e (type png)
<use ../../experiment/results/large_category_plots/heatmap_auc.png>
Package pdftex.def Info: ../../experiment/results/large_category_plots/heatmap_
auc.png  used on input line 2089.
(pdftex.def)             Requested size: 236.15775pt x 230.2522pt.

LaTeX Warning: `h' float specifier changed to `ht'.

<figures/roc_curves.png, id=683, 860.013pt x 733.5405pt>
File: figures/roc_curves.png Graphic file (type png)
<use figures/roc_curves.png>
Package pdftex.def Info: figures/roc_curves.png  used on input line 2103.
(pdftex.def)             Requested size: 489.38731pt x 417.41727pt.

Underfull \hbox (badness 2401) in paragraph at lines 2120--2128
[]\OT1/ptm/b/n/10 Low-FPR be-haviour is un-der-es-ti-mated by AUC.
 []


Underfull \hbox (badness 2269) in paragraph at lines 2120--2128
\OT1/ptm/m/n/10 AllChan is 0.980 (PASS) --- a gap of 0.091 AUC.
 []

[17 <../../experiment/outputs/large_multi_ring_allchan_category/jpeg_50/img_002
5_wm_attacked.png (PNG copy)> <../../experiment/outputs/large_multi_ring_allcha
n_category/jpeg_25/img_0025_wm_attacked.png (PNG copy)> <../../experiment/outpu
ts/large_multi_ring_allchan_category/gaussian_blur_4/img_0025_wm_attacked.png (
PNG copy)> <../../experiment/outputs/large_multi_ring_allchan_category/gaussian
_blur_8/img_0025_wm_attacked.png (PNG copy)> <../../experiment/outputs/large_mu
lti_ring_allchan_category/brightness_3/img_0025_wm_attacked.png (PNG copy)> <..
/../experiment/outputs/large_multi_ring_allchan_category/brightness_6/img_0025_
wm_attacked.png (PNG copy)> <../../experiment/outputs/large_multi_ring_allchan_
category/gaussian_noise_0.1/img_0025_wm_attacked.png (PNG copy)> <../../experim
ent/results/large_category_plots/auc.png>]
<figures/score_histograms.png, id=694, 1148.73164pt x 569.84895pt>
File: figures/score_histograms.png Graphic file (type png)
<use figures/score_histograms.png>
Package pdftex.def Info: figures/score_histograms.png  used on input line 2142.

(pdftex.def)             Requested size: 489.38731pt x 242.76953pt.
<figures/score_distributions.png, id=695, 859.2903pt x 357.37515pt>
File: figures/score_distributions.png Graphic file (type png)
<use figures/score_distributions.png>
Package pdftex.def Info: figures/score_distributions.png  used on input line 21
75.
(pdftex.def)             Requested size: 236.15775pt x 98.21576pt.


LaTeX Warning: `h' float specifier changed to `ht'.


LaTeX Warning: `h' float specifier changed to `ht'.

<../../experiment/results/large_category_plots/tpr_at_1fpr.png, id=699, 1409.26
5pt x 433.62pt>
File: ../../experiment/results/large_category_plots/tpr_at_1fpr.png Graphic fil
e (type png)
<use ../../experiment/results/large_category_plots/tpr_at_1fpr.png>
Package pdftex.def Info: ../../experiment/results/large_category_plots/tpr_at_1
fpr.png  used on input line 2226.
(pdftex.def)             Requested size: 236.15775pt x 72.6624pt.

LaTeX Warning: `h' float specifier changed to `ht'.

[18 <../../experiment/results/large_category_plots/heatmap_auc.png>]

LaTeX Warning: `h' float specifier changed to `ht'.

<../../experiment/outputs/large_multi_ring_allchan_category/crop_0.75/img_0025_
wm_attacked.png, id=707, 513.92pt x 513.92pt>
File: ../../experiment/outputs/large_multi_ring_allchan_category/crop_0.75/img_
0025_wm_attacked.png Graphic file (type png)
<use ../../experiment/outputs/large_multi_ring_allchan_category/crop_0.75/img_0
025_wm_attacked.png>
Package pdftex.def Info: ../../experiment/outputs/large_multi_ring_allchan_cate
gory/crop_0.75/img_0025_wm_attacked.png  used on input line 2297.
(pdftex.def)             Requested size: 117.45564pt x 117.45413pt.
<../../experiment/outputs/large_multi_ring_allchan_category/crop_0.5/img_0025_w
m_attacked.png, id=708, 513.92pt x 513.92pt>
File: ../../experiment/outputs/large_multi_ring_allchan_category/crop_0.5/img_0
025_wm_attacked.png Graphic file (type png)
<use ../../experiment/outputs/large_multi_ring_allchan_category/crop_0.5/img_00
25_wm_attacked.png>
Package pdftex.def Info: ../../experiment/outputs/large_multi_ring_allchan_cate
gory/crop_0.5/img_0025_wm_attacked.png  used on input line 2301.
(pdftex.def)             Requested size: 117.45564pt x 117.45413pt.
<../../experiment/outputs/large_multi_ring_allchan_category/rotation_45/img_002
5_wm_attacked.png, id=709, 513.92pt x 513.92pt>
File: ../../experiment/outputs/large_multi_ring_allchan_category/rotation_45/im
g_0025_wm_attacked.png Graphic file (type png)
<use ../../experiment/outputs/large_multi_ring_allchan_category/rotation_45/img
_0025_wm_attacked.png>
Package pdftex.def Info: ../../experiment/outputs/large_multi_ring_allchan_cate
gory/rotation_45/img_0025_wm_attacked.png  used on input line 2305.
(pdftex.def)             Requested size: 117.45564pt x 117.45413pt.
<../../experiment/outputs/large_multi_ring_allchan_category/rotation_75/img_002
5_wm_attacked.png, id=710, 513.92pt x 513.92pt>
File: ../../experiment/outputs/large_multi_ring_allchan_category/rotation_75/im
g_0025_wm_attacked.png Graphic file (type png)
<use ../../experiment/outputs/large_multi_ring_allchan_category/rotation_75/img
_0025_wm_attacked.png>
Package pdftex.def Info: ../../experiment/outputs/large_multi_ring_allchan_cate
gory/rotation_75/img_0025_wm_attacked.png  used on input line 2309.
(pdftex.def)             Requested size: 117.45564pt x 117.45413pt.
[19 <./figures/roc_curves.png>]

LaTeX Warning: `h' float specifier changed to `ht'.


LaTeX Warning: `h' float specifier changed to `ht'.

[20 <./figures/score_histograms.png> <./figures/score_distributions.png>]

LaTeX Warning: `h' float specifier changed to `ht'.


Underfull \hbox (badness 3118) in paragraph at lines 2481--2494
\OT1/ptm/m/n/10 sian blur at-ten-u-a-tion for-mula (Eq. [][]20[][]), with laten
t-
 []


Underfull \hbox (badness 2884) in paragraph at lines 2481--2494
\OML/cmm/m/it/10 e[] \OMS/cmsy/m/n/10 ^^Y \OT1/cmr/m/n/10 0\OML/cmm/m/it/10 :\O
T1/cmr/m/n/10 998$\OT1/ptm/m/n/10 , and for $\OML/cmm/m/it/10 ^^[[][]\OT1/cmr/m
/n/10 8$ \OT1/ptm/m/n/10 ($\OML/cmm/m/it/10 ^^[[][]\OT1/cmr/m/n/10 1$\OT1/ptm/m
/n/10 ):
 []

[21 <../../experiment/results/large_category_plots/tpr_at_1fpr.png>] [22 <../..
/experiment/outputs/large_multi_ring_allchan_category/crop_0.75/img_0025_wm_att
acked.png (PNG copy)> <../../experiment/outputs/large_multi_ring_allchan_catego
ry/crop_0.5/img_0025_wm_attacked.png (PNG copy)> <../../experiment/outputs/larg
e_multi_ring_allchan_category/rotation_45/img_0025_wm_attacked.png (PNG copy)> 
<../../experiment/outputs/large_multi_ring_allchan_category/rotation_75/img_002
5_wm_attacked.png (PNG copy)>] [23] [24]
Underfull \hbox (badness 2435) in paragraph at lines 2897--2909
 []\OT1/ptm/b/n/10 Noise-adaptive pre-pro-cess-ing (con-crete ex-per-i-ment).[]

 []


Underfull \hbox (badness 10000) in paragraph at lines 2917--2920
 []\OT1/ptm/b/n/10 Adaptive ad-ver-sar-ial eval-u-a-tion.[] \OT1/ptm/m/n/10 Eva
l-u-at-ing MR-
 []


Underfull \hbox (badness 1168) in paragraph at lines 2937--2940
 []\OT1/ptm/b/n/10 Error-correcting key struc-ture.[] \OT1/ptm/m/n/10 Em-bed-di
ng a Reed-
 []

(main.bbl [25]
Underfull \hbox (badness 1237) in paragraph at lines 34--37
[]\OT1/ptm/m/n/10 M. Tan-cik, B. Milden-hall, and R. Ng, ``Ste-gaS-
 []

) [26] (main.aux)
 ***********
LaTeX2e <2025-11-01>
L3 programming layer <2025-12-24>
 ***********
Package rerunfilecheck Info: File `main.out' has not changed.
(rerunfilecheck)             Checksum: 1AB1E29BD2EF6684C75A38F7EE2E007B;16138.
 ) 
Here is how much of TeX's memory you used:
 23632 strings out of 467871
 454003 string characters out of 5418376
 857377 words of memory out of 5000000
 51882 multiletter control sequences out of 15000+600000
 661073 words of font info for 111 fonts, out of 8000000 for 9000
 1141 hyphenation exceptions out of 8191
 84i,15n,94p,842b,907s stack positions out of 10000i,1000n,20000p,200000b,200000s
<C:/Users/ashha/AppData/Local/Programs/MiKTeX/fonts/type1/public/amsfonts/cm/
cmbx10.pfb><C:/Users/ashha/AppData/Local/Programs/MiKTeX/fonts/type1/public/ams
fonts/cm/cmbx9.pfb><C:/Users/ashha/AppData/Local/Programs/MiKTeX/fonts/type1/pu
blic/amsfonts/cm/cmex10.pfb><C:/Users/ashha/AppData/Local/Programs/MiKTeX/fonts
/type1/public/amsfonts/cm/cmmi10.pfb><C:/Users/ashha/AppData/Local/Programs/MiK
TeX/fonts/type1/public/amsfonts/cm/cmmi6.pfb><C:/Users/ashha/AppData/Local/Prog
rams/MiKTeX/fonts/type1/public/amsfonts/cm/cmmi7.pfb><C:/Users/ashha/AppData/Lo
cal/Programs/MiKTeX/fonts/type1/public/amsfonts/cm/cmmi9.pfb><C:/Users/ashha/Ap
pData/Local/Programs/MiKTeX/fonts/type1/public/amsfonts/cm/cmmib10.pfb><C:/User
s/ashha/AppData/Local/Programs/MiKTeX/fonts/type1/public/amsfonts/cm/cmr10.pfb>
<C:/Users/ashha/AppData/Local/Programs/MiKTeX/fonts/type1/public/amsfonts/cm/cm
r5.pfb><C:/Users/ashha/AppData/Local/Programs/MiKTeX/fonts/type1/public/amsfont
s/cm/cmr6.pfb><C:/Users/ashha/AppData/Local/Programs/MiKTeX/fonts/type1/public/
amsfonts/cm/cmr7.pfb><C:/Users/ashha/AppData/Local/Programs/MiKTeX/fonts/type1/
public/amsfonts/cm/cmr9.pfb><C:/Users/ashha/AppData/Local/Programs/MiKTeX/fonts
/type1/public/amsfonts/cm/cmsy10.pfb><C:/Users/ashha/AppData/Local/Programs/MiK
TeX/fonts/type1/public/amsfonts/cm/cmsy5.pfb><C:/Users/ashha/AppData/Local/Prog
rams/MiKTeX/fonts/type1/public/amsfonts/cm/cmsy6.pfb><C:/Users/ashha/AppData/Lo
cal/Programs/MiKTeX/fonts/type1/public/amsfonts/cm/cmsy7.pfb><C:/Users/ashha/Ap
pData/Local/Programs/MiKTeX/fonts/type1/public/amsfonts/cm/cmsy9.pfb><C:/Users/
ashha/AppData/Local/Programs/MiKTeX/fonts/type1/public/amsfonts/symbols/msam10.
pfb><C:/Users/ashha/AppData/Local/Programs/MiKTeX/fonts/type1/public/amsfonts/s
ymbols/msbm10.pfb><C:/Users/ashha/AppData/Local/Programs/MiKTeX/fonts/type1/urw
/courier/ucrr8a.pfb><C:/Users/ashha/AppData/Local/Programs/MiKTeX/fonts/type1/u
rw/courier/ucrro8a.pfb><C:/Users/ashha/AppData/Local/Programs/MiKTeX/fonts/type
1/urw/times/utmb8a.pfb><C:/Users/ashha/AppData/Local/Programs/MiKTeX/fonts/type
1/urw/times/utmr8a.pfb><C:/Users/ashha/AppData/Local/Programs/MiKTeX/fonts/type
1/urw/times/utmri8a.pfb>
Output written on main.pdf (26 pages, 6521709 bytes).
PDF statistics:
 950 PDF objects out of 1000 (max. 8388607)
 231 named destinations out of 1000 (max. 500000)
 747 words of extra memory for PDF output out of 10000 (max. 10000000)

